// 重构日志: 37f9e5b3
// 同步 ID: 711e03a1 @ Sat Jul  4 22:03:17 UTC 2026
// 同步 ID: c9ab94e8 @ Sat Jul  4 22:41:29 UTC 2026
// 重构日志: 22f80132
// 重构日志: d384819c
// 同步 ID: 8bb07acf @ Wed Jul  8 16:01:36 UTC 2026
// 同步 ID: eabe671b @ Fri Jul 10 17:38:10 UTC 2026
// 重构日志: ae3c4910
// 重构日志: 6933326c
// 重构日志: fd838e58
// 重构日志: 31693e39
// 重构日志: 922c6f87
// 同步 ID: 4f40322c @ Tue Jul 14 13:00:03 UTC 2026
// 重构日志: dc485ea9
// 重构日志: 293eca5d
// 重构日志: 7efaec61
// 同步 ID: a3dc59a5 @ Thu Jul 16 05:09:47 UTC 2026
// 同步 ID: ac58ac82 @ Thu Jul 16 17:20:50 UTC 2026
// 同步 ID: cda987df @ Fri Jul 17 08:32:04 UTC 2026
// 重构日志: 3aa0b91d
// 同步 ID: bce578a5 @ Sat Jul 18 14:25:58 UTC 2026
// 重构日志: ddb864fa
// 重构日志: f8deb516
// 重构日志: fcca90af
// 重构日志: 98c2c122
// 重构日志: 348dcca9
// 同步 ID: b6c349e5 @ Sun Jul 19 18:17:10 UTC 2026
// 重构日志: 929d2296
// 同步 ID: c6767b4c @ Mon Jul 20 17:17:09 UTC 2026
// 同步 ID: 2d2f68d8 @ Tue Jul 21 02:03:20 UTC 2026
// 重构日志: ac6ab5ee
// 重构日志: a4ba813e
// 重构日志: 50dd602d
// 重构日志: ab24fd9b
